
> frontend@0.1.0 build
> next build --turbopack

   ▲ Next.js 15.5.3 (Turbopack)
   - Environments: .env.local

   Creating an optimized production build ...
 ⚠ Webpack is configured while Turbopack is not, which may cause problems.
 ⚠ See instructions if you need to configure Turbopack:
  https://nextjs.org/docs/app/api-reference/next-config-js/turbopack

 ✓ Finished writing to disk in 364ms
 ✓ Compiled successfully in 24.9s
   Skipping linting
   Checking validity of types ...
Failed to compile.

./src/components/screens/HomeScreen.tsx:471:35
Type error: 'window.ethereum.request' is of type 'unknown'.

[0m [90m 469 |[39m                         [36mif[39m (window[33m.[39methereum) {
 [90m 470 |[39m                           [36mtry[39m {
[31m[1m>[22m[39m[90m 471 |[39m                             [36mawait[39m window[33m.[39methereum[33m.[39mrequest({
 [90m     |[39m                                   [31m[1m^[22m[39m
 [90m 472 |[39m                               method[33m:[39m [32m'wallet_switchEthereumChain'[39m[33m,[39m
 [90m 473 |[39m                               params[33m:[39m [{ chainId[33m:[39m [32m'0x17EAE'[39m }][33m,[39m
 [90m 474 |[39m                             })[33m;[39m[0m
Next.js build worker exited with code: 1 and signal: null
